<?xml version="1.0" encoding="UTF-8"?>
<robot generator="Robot 3.2.2 (Python 3.7.0 on win32)" generated="20210216 09:43:23.568" rpa="true">
<suite id="s1" name="Calculator" source="E:\RPAStudy\Cases\RobtFrameCases\Calculator\calculator.robot">
<test id="s1-t1" name="Calculate and log the result">
<kw name="Open the Calculator">
<kw name="Open Executable" library="RPA.Desktop.Windows">
<doc>Open Windows executable. Window title name is required
to get handle on the application.</doc>
<arguments>
<arg>calc.exe</arg>
<arg>计算器</arg>
</arguments>
<msg timestamp="20210216 09:43:24.319" level="INFO">Opening executable: calc.exe - window: 计算器</msg>
<msg timestamp="20210216 09:43:24.378" level="INFO">Open dialog: '计算器'</msg>
<msg timestamp="20210216 09:43:25.249" level="INFO">Connect to application handle: 460034</msg>
<status status="PASS" starttime="20210216 09:43:24.319" endtime="20210216 09:43:25.832"></status>
</kw>
<status status="PASS" starttime="20210216 09:43:24.319" endtime="20210216 09:43:25.832"></status>
</kw>
<kw name="Add two numbers">
<arguments>
<arg>5</arg>
<arg>7</arg>
</arguments>
<kw name="Mouse Click" library="RPA.Desktop.Windows">
<doc>Mouse click `locator`, `coordinates`, or `image`</doc>
<arguments>
<arg>id:num${first}Button</arg>
</arguments>
<msg timestamp="20210216 09:43:25.833" level="INFO">Mouse click: id:num5Button</msg>
<msg timestamp="20210216 09:43:25.834" level="INFO">Click type 'click' at (295, 732)</msg>
<status status="PASS" starttime="20210216 09:43:25.833" endtime="20210216 09:43:25.958"></status>
</kw>
<kw name="Mouse Click" library="RPA.Desktop.Windows">
<doc>Mouse click `locator`, `coordinates`, or `image`</doc>
<arguments>
<arg>id:plusButton</arg>
</arguments>
<msg timestamp="20210216 09:43:25.958" level="INFO">Mouse click: id:plusButton</msg>
<msg timestamp="20210216 09:43:25.959" level="INFO">Click type 'click' at (519, 791)</msg>
<status status="PASS" starttime="20210216 09:43:25.958" endtime="20210216 09:43:26.562"></status>
</kw>
<kw name="Mouse Click" library="RPA.Desktop.Windows">
<doc>Mouse click `locator`, `coordinates`, or `image`</doc>
<arguments>
<arg>id:num${second}Button</arg>
</arguments>
<msg timestamp="20210216 09:43:26.562" level="INFO">Mouse click: id:num7Button</msg>
<msg timestamp="20210216 09:43:26.562" level="INFO">Click type 'click' at (183, 674)</msg>
<status status="PASS" starttime="20210216 09:43:26.562" endtime="20210216 09:43:27.101"></status>
</kw>
<kw name="Mouse Click" library="RPA.Desktop.Windows">
<doc>Mouse click `locator`, `coordinates`, or `image`</doc>
<arguments>
<arg>id:equalButton</arg>
</arguments>
<msg timestamp="20210216 09:43:27.101" level="INFO">Mouse click: id:equalButton</msg>
<msg timestamp="20210216 09:43:27.101" level="INFO">Click type 'click' at (519, 850)</msg>
<status status="PASS" starttime="20210216 09:43:27.101" endtime="20210216 09:43:27.655"></status>
</kw>
<status status="PASS" starttime="20210216 09:43:25.833" endtime="20210216 09:43:27.655"></status>
</kw>
<kw name="Read the result">
<assign>
<var>${result}</var>
</assign>
<kw name="Get Element Rich Text" library="RPA.Desktop.Windows">
<doc>Get value of element `rich text` attribute.</doc>
<arguments>
<arg>id:CalculatorResults</arg>
</arguments>
<assign>
<var>${result}</var>
</assign>
<msg timestamp="20210216 09:43:27.657" level="INFO">Get element: id:CalculatorResults</msg>
<msg timestamp="20210216 09:43:27.657" level="INFO">Open dialog: '计算器'</msg>
<msg timestamp="20210216 09:43:27.849" level="INFO">Connect to application handle: 460034</msg>
<msg timestamp="20210216 09:43:28.445" level="INFO">${result} = 显示为 12</msg>
<status status="PASS" starttime="20210216 09:43:27.657" endtime="20210216 09:43:28.445"></status>
</kw>
<kw name="Split String From Right" library="String">
<doc>Splits the ``string`` using ``separator`` starting from right.</doc>
<arguments>
<arg>${result}</arg>
<arg>max_split=1</arg>
</arguments>
<assign>
<var>${_}</var>
<var>${result}</var>
</assign>
<msg timestamp="20210216 09:43:28.445" level="INFO">${_} = 显示为</msg>
<msg timestamp="20210216 09:43:28.445" level="INFO">${result} = 12</msg>
<status status="PASS" starttime="20210216 09:43:28.445" endtime="20210216 09:43:28.445"></status>
</kw>
<msg timestamp="20210216 09:43:28.445" level="INFO">${result} = 12</msg>
<status status="PASS" starttime="20210216 09:43:27.657" endtime="20210216 09:43:28.445"></status>
</kw>
<kw name="Log" library="BuiltIn">
<doc>Logs the given message with the given level.</doc>
<arguments>
<arg>${result}</arg>
</arguments>
<msg timestamp="20210216 09:43:28.452" level="INFO">12</msg>
<status status="PASS" starttime="20210216 09:43:28.452" endtime="20210216 09:43:28.452"></status>
</kw>
<status status="PASS" starttime="20210216 09:43:24.318" endtime="20210216 09:43:28.452" critical="yes"></status>
</test>
<status status="PASS" starttime="20210216 09:43:23.569" endtime="20210216 09:43:28.460"></status>
</suite>
<statistics>
<total>
<stat pass="1" fail="0">Critical Tasks</stat>
<stat pass="1" fail="0">All Tasks</stat>
</total>
<tag>
</tag>
<suite>
<stat pass="1" fail="0" id="s1" name="Calculator">Calculator</stat>
</suite>
</statistics>
<errors>
</errors>
</robot>
