<?xml version="1.0" encoding="UTF-8"?>
<robot generator="Robot 3.2.2 (Python 3.7.0 on win32)" generated="20210218 20:11:50.589" rpa="true">
<suite id="s1" name="HelloWorld" source="E:\RPAStudy\Cases\RFCases\HelloWorld\HelloWorld.robot">
<test id="s1-t1" name="Store Web Page Content">
<kw name="Open Browser" library="RPA.Browser">
<doc>Opens a new browser instance to the optional ``url``.</doc>
<arguments>
<arg>${URL}</arg>
<arg>Chrome</arg>
</arguments>
<msg timestamp="20210218 20:11:51.772" level="INFO">Opening browser 'Chrome' to base url 'http://www.baidu.com'.</msg>
<status status="PASS" starttime="20210218 20:11:51.771" endtime="20210218 20:11:57.410"></status>
</kw>
<kw name="Get Text" library="RPA.Browser">
<doc>Returns the text value of the element identified by ``locator``.</doc>
<arguments>
<arg>body</arg>
</arguments>
<assign>
<var>${text}</var>
</assign>
<kw name="Capture Page Screenshot" library="RPA.Browser">
<doc>Takes a screenshot of the current page and embeds it into a log file.</doc>
<msg timestamp="20210218 20:11:57.797" level="INFO" html="yes">&lt;/td&gt;&lt;/tr&gt;&lt;tr&gt;&lt;td colspan="3"&gt;&lt;a href="selenium-screenshot-2.png"&gt;&lt;img src="selenium-screenshot-2.png" width="800px"&gt;&lt;/a&gt;</msg>
<status status="PASS" starttime="20210218 20:11:57.424" endtime="20210218 20:11:57.797"></status>
</kw>
<msg timestamp="20210218 20:11:57.799" level="FAIL">Element with locator 'body' not found.</msg>
<status status="FAIL" starttime="20210218 20:11:57.411" endtime="20210218 20:11:57.799"></status>
</kw>
<kw name="Close Browser" library="RPA.Browser" type="teardown">
<doc>Closes the current browser.</doc>
<status status="PASS" starttime="20210218 20:11:57.801" endtime="20210218 20:11:59.990"></status>
</kw>
<status status="FAIL" starttime="20210218 20:11:51.771" endtime="20210218 20:11:59.991" critical="yes">Element with locator 'body' not found.</status>
</test>
<doc>A simple web scraper robot.</doc>
<status status="FAIL" starttime="20210218 20:11:50.591" endtime="20210218 20:11:59.995"></status>
</suite>
<statistics>
<total>
<stat pass="0" fail="1">Critical Tasks</stat>
<stat pass="0" fail="1">All Tasks</stat>
</total>
<tag>
</tag>
<suite>
<stat pass="0" fail="1" id="s1" name="HelloWorld">HelloWorld</stat>
</suite>
</statistics>
<errors>
<msg timestamp="20210218 20:11:51.188" level="WARN">This is a deprecated import that will be removed in favor of RPA.Browser.Selenium</msg>
</errors>
</robot>
