<?xml version="1.0" encoding="UTF-8"?>
<robot generator="Robot 3.2.2 (Python 3.7.0 on win32)" generated="20210224 16:47:34.967" rpa="true">
<suite id="s1" name="HelloWorld" source="E:\RPAStudy\Cases\RFCases\HelloWorld\HelloWorld.robot">
<test id="s1-t1" name="Store Web Page Content">
<kw name="Open Browser" library="RPA.Browser">
<doc>Opens a new browser instance to the optional ``url``.</doc>
<arguments>
<arg>${URL}</arg>
<arg>Chrome</arg>
</arguments>
<msg timestamp="20210224 16:47:36.197" level="INFO">Opening browser 'Chrome' to base url 'http://news.baidu.com'.</msg>
<status status="PASS" starttime="20210224 16:47:36.197" endtime="20210224 16:47:41.041"></status>
</kw>
<kw name="Get Text" library="RPA.Browser">
<doc>Returns the text value of the element identified by ``locator``.</doc>
<arguments>
<arg>body</arg>
</arguments>
<assign>
<var>${text}</var>
</assign>
<msg timestamp="20210224 16:47:41.165" level="INFO">${text} = 热点要闻
专题片《摆脱贫困》第六集 家国情怀
习近平妙喻话扶贫  高标准高质量完成学习教育任务
献给在脱贫攻坚战场牺牲的英烈
全国政协工作综述：履职尽责 凝心聚力  元宵节专题
吃上旅游饭 增收路更宽（脱贫攻坚答卷）
【奋斗百年路 启航新征程】大国志气铸就大国重器
市疾控中心专家：新冠疫苗接种后这些要注意
春运大潮中，仅1例新增本土病例，中国做对了什么？
本土零新增！31省区市新增确诊12例，均为...</msg>
<status status="PASS" starttime="20210224 16:47:41.042" endtime="20210224 16:47:41.165"></status>
</kw>
<kw name="Create File" library="RPA.FileSystem">
<doc>Creates a new text file, and writes content if any is given.</doc>
<arguments>
<arg>E:\\RPAStudy\\Cases\\RFCases\\HelloWorld${/}output${/}text.txt</arg>
<arg>${text}</arg>
<arg>overwrite=True</arg>
</arguments>
<status status="PASS" starttime="20210224 16:47:41.166" endtime="20210224 16:47:41.168"></status>
</kw>
<kw name="Close Browser" library="RPA.Browser" type="teardown">
<doc>Closes the current browser.</doc>
<status status="PASS" starttime="20210224 16:47:41.169" endtime="20210224 16:47:43.418"></status>
</kw>
<status status="PASS" starttime="20210224 16:47:36.197" endtime="20210224 16:47:43.418" critical="yes"></status>
</test>
<doc>A simple web scraper robot.</doc>
<status status="PASS" starttime="20210224 16:47:34.967" endtime="20210224 16:47:43.418"></status>
</suite>
<statistics>
<total>
<stat pass="1" fail="0">Critical Tasks</stat>
<stat pass="1" fail="0">All Tasks</stat>
</total>
<tag>
</tag>
<suite>
<stat pass="1" fail="0" id="s1" name="HelloWorld">HelloWorld</stat>
</suite>
</statistics>
<errors>
<msg timestamp="20210224 16:47:35.538" level="WARN">This is a deprecated import that will be removed in favor of RPA.Browser.Selenium</msg>
</errors>
</robot>
